Server started 2019-05-14 19:10:48.271101 
Client connected at 2019-05-14 19:10:59.218727 
Connection was successful! Server started 2019-05-14 19:12:11.802267 
Client connected at 2019-05-14 19:12:14.124400 
Connection was successful! Server started 2019-05-14 19:18:48.712046 
Client connected at 2019-05-14 19:18:58.338795 
Connection was successful! Server started 2019-05-14 19:20:21.981941 
Client connected at 2019-05-14 19:20:26.619206 
Connection was successful! Server started 2019-05-14 19:21:55.018404 
Client connected at 2019-05-14 19:21:57.348335 
Connection was successful! Server started 2019-05-14 19:23:22.595995 
Client connected at 2019-05-14 19:23:27.354267 
Connection was successful! Server started 2019-05-14 19:24:55.448884 
Client connected at 2019-05-14 19:24:57.294989 
Connection was successful! Client connected at 2019-05-14 19:25:00.233157 
Connection was successful! Client connected at 2019-05-14 19:25:39.099570 
Connection was successful! 
Client was connected for 0:00:00.001000 

Server started 2019-05-14 19:26:27.081310 
Client connected at 2019-05-14 19:26:30.177685 
Connection was successful! Client connected at 2019-05-14 19:26:43.078423 
Connection was successful! 
Client was connected for 0:00:00.001000 

Client connected at 2019-05-14 19:27:53.487209 
Connection was successful! Client connected at 2019-05-14 19:28:03.092758 
Connection was successful! Client connected at 2019-05-14 19:29:16.820967 
Connection was successful! 
Client was connected for 0:00:00.002000 

Client connected at 2019-05-14 19:29:21.820253 
Connection was successful! Client connected at 2019-05-14 19:29:33.739934 
Connection was successful! Server started 2019-05-14 19:31:34.993253 
Client connected at 2019-05-14 19:31:48.018998 
Connection was successful! Client connected at 2019-05-14 19:32:00.949734 
Connection was successful! Server started 2019-05-14 19:33:13.162631 
Client connected at 2019-05-14 19:33:20.028024 
Connection was successful! Server started 2019-05-14 19:33:56.392104 
Client connected at 2019-05-14 19:34:01.670203 
Connection was successful! Client connected at 2019-05-14 19:34:07.416532 
Connection was successful! Client connected at 2019-05-14 19:34:10.533710 
Connection was successful! Client connected at 2019-05-14 19:34:15.198977 
Connection was successful! Server started 2019-05-14 19:36:29.488205 
Client connected at 2019-05-14 19:36:43.127985 
Connection was successful! Server started 2019-05-14 19:37:27.970748 
Client connected at 2019-05-14 19:37:29.939861 
Connection was successful! Server started 2019-05-14 20:02:18.863153 
Client connected at 2019-05-14 20:03:06.912901 
Connection was successful! 
Client was connected for 0:01:04.628697 

Client connected at 2019-05-14 20:04:40.528256 
Connection was successful! Server started 2019-05-14 20:11:32.534194 
Server started 2019-05-14 20:14:06.179171 
Server started 2019-05-14 20:15:47.556970 
Server started 2019-05-14 21:16:02.495973 
Server started 2019-05-14 21:23:48.643953 
Server started 2019-05-14 21:29:33.109651 
Server started 2019-05-14 21:31:32.139459 
Server started 2019-05-14 21:33:57.693784 
Server started 2019-05-14 21:35:53.067133 
Server started 2019-05-14 21:37:40.876894 
Server started 2019-05-14 21:38:21.170199 
Server started 2019-05-14 21:39:14.202232 
Server started 2019-05-14 21:42:40.450029 
Server started 2019-05-14 21:43:09.910714 
Server started 2019-05-14 21:43:45.061725 
Server started 2019-05-14 21:47:44.543422 
Server started 2019-05-14 21:50:04.812445 
Server started 2019-05-14 21:51:55.910800 
Server started 2019-05-14 21:52:22.865341 
Server started 2019-05-14 21:52:51.191961 
Server started 2019-05-15 13:15:12.166783 
Server started 2019-05-15 13:23:09.008057 
Client connected at 2019-05-15 13:23:18.438596 
Connection was successful! Server started 2019-05-15 13:25:15.908315 
Client connected at 2019-05-15 13:25:34.062354 
Connection was successful! Server started 2019-05-15 13:28:13.341464 
Client connected at 2019-05-15 13:28:21.057905 
Connection was successful! Server started 2019-05-15 13:29:04.939415 
Client connected at 2019-05-15 13:29:08.605625 
Connection was successful! Server started 2019-05-15 13:30:36.551655 
Client connected at 2019-05-15 13:30:38.712779 
Connection was successful! Server started 2019-05-15 13:33:52.737876 
Client connected at 2019-05-15 13:33:53.847940 
Connection was successful! Server started 2019-05-15 13:35:25.877204 
Client connected at 2019-05-15 13:35:36.553814 
Connection was successful! Server started 2019-05-15 13:36:28.706797 
Client connected at 2019-05-15 13:36:34.490128 
Connection was successful! Server started 2019-05-15 13:42:37.245876 
Server started 2019-05-15 13:43:17.948204 
Server started 2019-05-15 13:44:11.823286 
Server started 2019-05-15 13:47:02.273035 
Server started 2019-05-15 13:50:39.272447 
Server started 2019-05-15 13:57:54.364333 
Server started 2019-05-15 13:58:24.374049 
Server started 2019-05-15 14:00:24.998948 
Server started 2019-05-15 14:02:41.815774 
Server started 2019-05-15 14:08:06.305334 
Server started 2019-05-15 14:09:13.473175 
Server started 2019-05-15 14:10:53.332887 
Server started 2019-05-15 14:13:42.179545 
Server started 2019-05-15 14:22:28.313638 
Server started 2019-05-15 16:12:51.863222 
Server started 2019-05-15 16:13:46.494347 
Server started 2019-05-15 16:15:42.575986 
Server started 2019-05-15 16:35:53.786264 
Server started 2019-05-15 16:37:34.670034 
Server started 2019-05-15 16:39:12.183611 
Server started 2019-05-15 16:43:35.872693 
Server started 2019-05-15 16:50:54.320771 
Client connected at 2019-05-15 16:51:37.917265 
Connection was successful! 
Client was connected for 0:00:01.789102 

Client connected at 2019-05-15 16:52:07.470955 
Connection was successful! Server started 2019-05-15 16:54:49.462221 
Client connected at 2019-05-15 16:55:15.354702 
Connection was successful! Server started 2019-05-15 16:56:53.918339 
Client connected at 2019-05-15 16:57:09.367223 
Connection was successful! Server started 2019-05-15 16:58:40.405430 
Client connected at 2019-05-15 16:59:05.724878 
Connection was successful! Server started 2019-05-15 17:00:35.392007 
Server started 2019-05-15 17:00:55.583161 
Client connected at 2019-05-15 17:01:03.548617 
Connection was successful! Server started 2019-05-15 17:03:02.481420 
Client connected at 2019-05-15 17:03:23.924646 
Connection was successful! Server started 2019-05-15 17:04:22.594002 
Client connected at 2019-05-15 17:04:35.071716 
Connection was successful! Server started 2019-05-15 17:06:52.929601 
Client connected at 2019-05-15 17:07:06.861397 
Connection was successful! Server started 2019-05-15 17:10:09.010816 
Client connected at 2019-05-15 17:10:15.581192 
Connection was successful! Server started 2019-05-15 17:11:31.326524 
Client connected at 2019-05-15 17:11:46.757407 
Connection was successful! Server started 2019-05-15 17:14:43.493515 
Client connected at 2019-05-15 17:14:55.907225 
Connection was successful! 
Client was connected for 0:00:14.280817 

Client connected at 2019-05-15 17:15:31.003233 
Connection was successful! Server started 2019-05-15 17:17:56.531556 
Client connected at 2019-05-15 17:18:11.963439 
Connection was successful! Server started 2019-05-15 17:20:21.088825 
Server started 2019-05-15 17:20:38.868842 
Client connected at 2019-05-15 17:20:51.047538 
Connection was successful! Server started 2019-05-15 17:22:09.600031 
Client connected at 2019-05-15 17:22:14.827330 
Connection was successful! Server started 2019-05-15 17:23:19.261015 
Client connected at 2019-05-15 17:23:28.110522 
Connection was successful! Server started 2019-05-15 17:24:06.784734 
Client connected at 2019-05-15 17:24:17.406341 
Connection was successful! Server started 2019-05-15 17:25:14.829626 
Client connected at 2019-05-15 17:25:19.654902 
Connection was successful! Server started 2019-05-15 17:26:19.012297 
Client connected at 2019-05-15 17:26:24.372603 
Connection was successful! Server started 2019-05-15 17:27:48.292403 
Server started 2019-05-15 17:28:04.534332 
Client connected at 2019-05-15 17:28:08.967586 
Connection was successful! Server started 2019-05-15 17:29:26.737034 
Client connected at 2019-05-15 17:29:31.338297 
Connection was successful! Server started 2019-05-15 17:36:33.000010 
Client connected at 2019-05-15 17:36:37.511268 
Connection was successful! Server started 2019-05-15 17:37:54.606677 
Client connected at 2019-05-15 17:37:59.416952 
Connection was successful! Server started 2019-05-15 17:38:41.276347 
Client connected at 2019-05-15 17:38:45.892611 
Connection was successful! Server started 2019-05-15 17:39:35.912472 
Client connected at 2019-05-15 17:39:41.023764 
Connection was successful! Server started 2019-05-15 17:41:23.894648 
Client connected at 2019-05-15 17:41:29.596974 
Connection was successful! Server started 2019-05-15 17:42:46.307362 
Client connected at 2019-05-15 17:42:54.793847 
Connection was successful! Client connected at 2019-05-15 17:43:01.038204 
Connection was successful! 
Client was connected for 0:00:10.003572 

Server started 2019-05-15 17:44:02.855740 
Client connected at 2019-05-15 17:44:12.339282 
Connection was successful! Server started 2019-05-15 17:47:40.498188 
Client connected at 2019-05-15 17:47:43.483359 
Connection was successful! Client connected at 2019-05-15 17:47:51.516819 
Connection was successful! 
Client was connected for 0:00:10.006572 

Server started 2019-05-15 17:51:59.514003 
Client connected at 2019-05-15 17:52:17.758047 
Connection was successful! Server started 2019-05-15 17:54:47.751626 
Client connected at 2019-05-15 17:54:53.935979 
Connection was successful! Server started 2019-05-15 17:55:44.290860 
Client connected at 2019-05-15 17:55:48.963127 
Connection was successful! Client connected at 2019-05-15 17:55:57.430611 
Connection was successful! 
Client was connected for 0:00:10.003572 

Server started 2019-05-15 18:25:08.546959 
Client connected at 2019-05-15 18:25:14.210283 
Connection was successful! Client connected at 2019-05-15 18:25:23.997843 
Connection was successful! 
Client was connected for 0:00:19.395109 

Server started 2019-05-15 18:27:15.071196 
Client connected at 2019-05-15 18:27:51.747293 
Connection was successful! Client connected at 2019-05-15 18:28:11.513424 
Connection was successful! 
Client was connected for 0:00:20.087149 

Client connected at 2019-05-15 18:28:48.493539 
Connection was successful! Client connected at 2019-05-15 18:28:56.927022 
Connection was successful! Server started 2019-05-15 18:30:02.125751 
Client connected at 2019-05-15 18:30:09.584177 
Connection was successful! Server started 2019-05-15 18:33:16.956894 
Client connected at 2019-05-15 18:33:23.021241 
Connection was successful! 
Client was connected for 0:01:00.895483 

Server started 2019-05-15 18:46:09.962108 
Client connected at 2019-05-15 18:46:15.828443 
Connection was successful! Server started 2019-05-15 18:54:00.907044 
Client connected at 2019-05-15 18:54:04.651258 
Connection was successful! 
Client requested songs under the artist name exit 
Client was connected for 0:05:19.245260 


Client was connected for 0:05:24.254547 

Server started 2019-05-15 18:59:51.079073 
Client connected at 2019-05-15 18:59:55.540328 
Connection was successful! 
Client requested songs under the artist name abba 
Client was connected for 0:00:12.532717 


Client requested songs under the artist name  
Client was connected for 0:00:12.535717 

Server started 2019-05-15 19:07:35.735633 
Client connected at 2019-05-15 19:07:43.505761 
Connection was successful! 
Client requested songs under the artist name ABBA 
Client was connected for 0:00:12.725002 


Client was connected for 0:00:12.725002 

Server started 2019-05-15 19:10:04.467614 
Client connected at 2019-05-15 19:10:10.223378 
Connection was successful! 
Client requested songs under the artist name ABBA 
Client was connected for 0:00:19.682343 


Client requested songs under the artist name WHAM 
Client was connected for 0:00:32.899062 


Client requested songs under the artist name  
Client was connected for 0:00:39.025700 

Server started 2019-05-15 19:12:37.660389 
Client connected at 2019-05-15 19:12:44.617079 
Connection was successful! 
Client requested songs under the artist name  
Client was connected for 0:00:09.690096 

Client connected at 2019-05-15 19:13:39.181459 
Connection was successful! 
Client requested songs under the artist name ABBA 
Client was connected for 0:00:15.645914 

Server started 2019-05-15 19:16:16.704564 
Client connected at 2019-05-15 19:16:21.235823 
Connection was successful! 
Client requested songs under the artist name ABBA 
Client was connected for 0:00:11.273645 


Client was connected for 0:00:41.678384 

Client connected at 2019-05-15 19:17:12.370748 
Connection was successful! 
Client was connected for 0:00:08.904509 

Client connected at 2019-05-15 19:17:39.042274 
Connection was successful! 
Client requested songs under the artist name ABBA 
Client was connected for 0:00:13.519773 

Server started 2019-05-16 11:13:14.214682 
Client connected at 2019-05-16 11:13:47.407580 
Connection was successful! 
Client requested songs under the artist name  
Client was connected for 0:00:13.607779 

Server started 2019-05-16 11:16:00.941218 
Client connected at 2019-05-16 11:16:05.137458 
Connection was successful! Server started 2019-05-16 11:17:33.555515 
Client connected at 2019-05-16 11:18:13.650808 
Connection was successful! 
Client was connected for 0:00:06.218356 

Server started 2019-05-16 11:23:10.354779 
Client connected at 2019-05-16 11:23:15.317063 
Connection was successful! 
Client was connected for 0:00:04.493257 

Client connected at 2019-05-16 11:24:10.936244 
Connection was successful! 
Client was connected for 0:00:04.697269 

Client connected at 2019-05-16 11:25:03.000222 
Connection was successful! 
Client was connected for 0:00:04.469256 

Server started 2019-05-16 11:27:10.040488 
Client connected at 2019-05-16 11:27:15.752815 
Connection was successful! 
Client was connected for 0:00:06.475370 

Client connected at 2019-05-16 11:29:11.284423 
Connection was successful! 
Client was connected for 0:00:04.593263 

Server started 2019-05-16 11:30:32.211052 
Client connected at 2019-05-16 11:30:41.010555 
Connection was successful! 
Client was connected for 0:00:07.706441 

Server started 2019-05-16 11:32:09.963643 
Client connected at 2019-05-16 11:32:13.659854 
Connection was successful! 
Client was connected for 0:01:37.700588 

Server started 2019-05-16 11:34:09.221464 
Client connected at 2019-05-16 11:34:16.588885 
Connection was successful! 
Client requested songs under the artist name exit 
Client was connected for 0:02:04.388115 


Client was connected for 0:02:09.388401 

Server started 2019-05-16 11:36:45.461400 
Client connected at 2019-05-16 11:36:49.424627 
Connection was successful! 
Client requested songs under the artist name  
Client was connected for 0:00:19.265102 

Server started 2019-05-16 11:46:35.554152 
Client connected at 2019-05-16 11:46:47.183817 
Connection was successful! Server started 2019-05-16 11:47:20.860743 
Client connected at 2019-05-16 11:47:30.550297 
Connection was successful! Server started 2019-05-16 11:51:40.432590 
Client connected at 2019-05-16 11:51:45.280867 
Connection was successful! Server started 2019-05-16 11:53:13.915937 
Server started 2019-05-16 11:53:34.815132 
Client connected at 2019-05-16 11:53:39.365392 
Connection was successful! 
Client requested songs under the artist name  
Client was connected for 0:00:23.687355 

Server started 2019-05-16 11:56:17.059412 
Client connected at 2019-05-16 11:56:20.224593 
Connection was successful! 
Client requested songs under the artist name ABBA 
Client was connected for 0:00:15.701898 

Server started 2019-05-16 14:35:13.084951 
Client connected at 2019-05-16 14:35:21.543435 
Connection was successful! 
Client requested songs under the artist name  
Client was connected for 0:00:22.362279 

Server started 2019-05-16 14:36:44.627187 
Client connected at 2019-05-16 14:36:47.973379 
Connection was successful! Server started 2019-05-16 14:43:40.414969 
Client connected at 2019-05-16 14:43:55.920856 
Connection was successful! Server started 2019-05-16 14:44:37.222218 
Client connected at 2019-05-16 14:45:02.574668 
Connection was successful! 
Client was connected for 0:01:22.737733 

Server started 2019-05-16 14:47:08.490870 
Client connected at 2019-05-16 14:47:15.206254 
Connection was successful! Server started 2019-05-16 14:49:21.023451 
Client connected at 2019-05-16 14:49:26.688775 
Connection was successful! 
Client requested songs under the artist name ABBA 
Client was connected for 0:00:48.688785 

Server started 2019-05-16 14:52:09.389081 
Client connected at 2019-05-16 14:52:27.603122 
Connection was successful! 
Client requested songs under the artist name QUEEN 
Client was connected for 0:00:33.999945 

Server started 2019-05-16 15:00:13.921794 
Client connected at 2019-05-16 15:00:21.483227 
Connection was successful! Server started 2019-05-16 15:08:39.464350 
Client connected at 2019-05-16 15:08:53.194113 
Connection was successful! Client connected at 2019-05-16 15:09:07.185651 
Connection was successful! 
Client was connected for 0:00:00 

Client connected at 2019-05-16 15:09:22.806456 
Connection was successful! Server started 2019-05-16 15:11:25.861655 
Client connected at 2019-05-16 15:11:40.581493 
Connection was successful! Server started 2019-05-16 15:13:10.726409 
Client connected at 2019-05-16 15:13:17.634805 
Connection was successful! Server started 2019-05-16 15:14:17.713412 
Client connected at 2019-05-16 15:14:26.563902 
Connection was successful! Server started 2019-05-16 15:16:04.453538 
Client connected at 2019-05-16 15:16:17.535264 
Connection was successful! Server started 2019-05-16 15:17:50.596328 
Client connected at 2019-05-16 15:17:59.012805 
Connection was successful! Server started 2019-05-16 15:19:05.740861 
Client connected at 2019-05-16 15:19:14.429340 
Connection was successful! 
Client was connected for 0:00:05.003250 


Client was connected for 0:00:05.004250 

Server started 2019-05-16 15:20:27.596796 
Client connected at 2019-05-16 15:20:33.503134 
Connection was successful! 
Client was connected for 0:00:21.777246 

Server started 2019-05-16 15:23:33.487429 
Client connected at 2019-05-16 15:23:40.259816 
Connection was successful! 
Client requested songs under the artist name  
Client was connected for 0:00:21.115208 

Client connected at 2019-05-16 15:26:07.920262 
Connection was successful! 
Client requested songs under the artist name  
Client was connected for 0:00:15.378879 

Client connected at 2019-05-16 15:27:16.724197 
Connection was successful! 
Client was connected for 0:01:08.604924 

Client connected at 2019-05-16 15:28:38.011847 
Connection was successful! 
Client was connected for 0:00:59.837422 

Server started 2019-05-16 15:29:55.032252 
Client connected at 2019-05-16 15:30:02.353671 
Connection was successful! 
Client was connected for 0:03:39.202537 

Server started 2019-05-16 15:34:01.227333 
Client connected at 2019-05-16 15:34:04.410515 
Connection was successful! 
Client requested songs under the artist name ABBA 
Client was connected for 0:00:28.658640 

